CRITICAL - 2022-05-02 13:57:08 --> Call to undefined function returnview()
#0 C:\xampp\htdocs\ProyectoDw-201705336\system\View\View.php(210): include()
#1 C:\xampp\htdocs\ProyectoDw-201705336\system\View\View.php(213): CodeIgniter\View\View->CodeIgniter\View\{closure}()
#2 C:\xampp\htdocs\ProyectoDw-201705336\system\Common.php(1089): CodeIgniter\View\View->render('menu', Array, true)
#3 C:\xampp\htdocs\ProyectoDw-201705336\app\Controllers\Home.php(9): view('menu')
#4 C:\xampp\htdocs\ProyectoDw-201705336\system\CodeIgniter.php(832): App\Controllers\Home->index()
#5 C:\xampp\htdocs\ProyectoDw-201705336\system\CodeIgniter.php(419): CodeIgniter\CodeIgniter->runController(Object(App\Controllers\Home))
#6 C:\xampp\htdocs\ProyectoDw-201705336\system\CodeIgniter.php(326): CodeIgniter\CodeIgniter->handleRequest(NULL, Object(Config\Cache), false)
#7 C:\xampp\htdocs\ProyectoDw-201705336\public\index.php(37): CodeIgniter\CodeIgniter->run()
#8 {main}
CRITICAL - 2022-05-02 14:06:09 --> syntax error, unexpected end of file
#0 C:\xampp\htdocs\ProyectoDw-201705336\system\Autoloader\Autoloader.php(241): CodeIgniter\Autoloader\Autoloader->includeFile('C:\\xampp\\htdocs...')
#1 C:\xampp\htdocs\ProyectoDw-201705336\system\Autoloader\Autoloader.php(219): CodeIgniter\Autoloader\Autoloader->loadInNamespace('App\\Controllers...')
#2 [internal function]: CodeIgniter\Autoloader\Autoloader->loadClass('App\\Controllers...')
#3 [internal function]: spl_autoload_call('App\\Controllers...')
#4 C:\xampp\htdocs\ProyectoDw-201705336\system\CodeIgniter.php(797): class_exists('\\App\\Controller...', true)
#5 C:\xampp\htdocs\ProyectoDw-201705336\system\CodeIgniter.php(406): CodeIgniter\CodeIgniter->startController()
#6 C:\xampp\htdocs\ProyectoDw-201705336\system\CodeIgniter.php(326): CodeIgniter\CodeIgniter->handleRequest(NULL, Object(Config\Cache), false)
#7 C:\xampp\htdocs\ProyectoDw-201705336\public\index.php(37): CodeIgniter\CodeIgniter->run()
#8 {main}
CRITICAL - 2022-05-02 15:51:01 --> syntax error, unexpected end of file, expecting function (T_FUNCTION) or const (T_CONST)
#0 C:\xampp\htdocs\ProyectoDw-201705336\system\Autoloader\Autoloader.php(241): CodeIgniter\Autoloader\Autoloader->includeFile('C:\\xampp\\htdocs...')
#1 C:\xampp\htdocs\ProyectoDw-201705336\system\Autoloader\Autoloader.php(219): CodeIgniter\Autoloader\Autoloader->loadInNamespace('App\\Controllers...')
#2 [internal function]: CodeIgniter\Autoloader\Autoloader->loadClass('App\\Controllers...')
#3 [internal function]: spl_autoload_call('App\\Controllers...')
#4 C:\xampp\htdocs\ProyectoDw-201705336\system\CodeIgniter.php(797): class_exists('\\App\\Controller...', true)
#5 C:\xampp\htdocs\ProyectoDw-201705336\system\CodeIgniter.php(406): CodeIgniter\CodeIgniter->startController()
#6 C:\xampp\htdocs\ProyectoDw-201705336\system\CodeIgniter.php(326): CodeIgniter\CodeIgniter->handleRequest(NULL, Object(Config\Cache), false)
#7 C:\xampp\htdocs\ProyectoDw-201705336\public\index.php(37): CodeIgniter\CodeIgniter->run()
#8 {main}
CRITICAL - 2022-05-02 15:54:49 --> Call to undefined method CodeIgniter\Router\RouteCollection::psot()
#0 C:\xampp\htdocs\ProyectoDw-201705336\system\CodeIgniter.php(713): require()
#1 C:\xampp\htdocs\ProyectoDw-201705336\system\CodeIgniter.php(368): CodeIgniter\CodeIgniter->tryToRouteIt(Object(CodeIgniter\Router\RouteCollection))
#2 C:\xampp\htdocs\ProyectoDw-201705336\system\CodeIgniter.php(326): CodeIgniter\CodeIgniter->handleRequest(NULL, Object(Config\Cache), false)
#3 C:\xampp\htdocs\ProyectoDw-201705336\public\index.php(37): CodeIgniter\CodeIgniter->run()
#4 {main}
CRITICAL - 2022-05-02 15:54:51 --> Call to undefined method CodeIgniter\Router\RouteCollection::psot()
#0 C:\xampp\htdocs\ProyectoDw-201705336\system\CodeIgniter.php(713): require()
#1 C:\xampp\htdocs\ProyectoDw-201705336\system\CodeIgniter.php(368): CodeIgniter\CodeIgniter->tryToRouteIt(Object(CodeIgniter\Router\RouteCollection))
#2 C:\xampp\htdocs\ProyectoDw-201705336\system\CodeIgniter.php(326): CodeIgniter\CodeIgniter->handleRequest(NULL, Object(Config\Cache), false)
#3 C:\xampp\htdocs\ProyectoDw-201705336\public\index.php(37): CodeIgniter\CodeIgniter->run()
#4 {main}
CRITICAL - 2022-05-02 15:54:52 --> Call to undefined method CodeIgniter\Router\RouteCollection::psot()
#0 C:\xampp\htdocs\ProyectoDw-201705336\system\CodeIgniter.php(713): require()
#1 C:\xampp\htdocs\ProyectoDw-201705336\system\CodeIgniter.php(368): CodeIgniter\CodeIgniter->tryToRouteIt(Object(CodeIgniter\Router\RouteCollection))
#2 C:\xampp\htdocs\ProyectoDw-201705336\system\CodeIgniter.php(326): CodeIgniter\CodeIgniter->handleRequest(NULL, Object(Config\Cache), false)
#3 C:\xampp\htdocs\ProyectoDw-201705336\public\index.php(37): CodeIgniter\CodeIgniter->run()
#4 {main}
CRITICAL - 2022-05-02 15:54:57 --> Call to undefined method CodeIgniter\Router\RouteCollection::psot()
#0 C:\xampp\htdocs\ProyectoDw-201705336\system\CodeIgniter.php(713): require()
#1 C:\xampp\htdocs\ProyectoDw-201705336\system\CodeIgniter.php(368): CodeIgniter\CodeIgniter->tryToRouteIt(Object(CodeIgniter\Router\RouteCollection))
#2 C:\xampp\htdocs\ProyectoDw-201705336\system\CodeIgniter.php(326): CodeIgniter\CodeIgniter->handleRequest(NULL, Object(Config\Cache), false)
#3 C:\xampp\htdocs\ProyectoDw-201705336\public\index.php(37): CodeIgniter\CodeIgniter->run()
#4 {main}
CRITICAL - 2022-05-02 15:54:57 --> Call to undefined method CodeIgniter\Router\RouteCollection::psot()
#0 C:\xampp\htdocs\ProyectoDw-201705336\system\CodeIgniter.php(713): require()
#1 C:\xampp\htdocs\ProyectoDw-201705336\system\CodeIgniter.php(368): CodeIgniter\CodeIgniter->tryToRouteIt(Object(CodeIgniter\Router\RouteCollection))
#2 C:\xampp\htdocs\ProyectoDw-201705336\system\CodeIgniter.php(326): CodeIgniter\CodeIgniter->handleRequest(NULL, Object(Config\Cache), false)
#3 C:\xampp\htdocs\ProyectoDw-201705336\public\index.php(37): CodeIgniter\CodeIgniter->run()
#4 {main}
CRITICAL - 2022-05-02 15:54:58 --> Call to undefined method CodeIgniter\Router\RouteCollection::psot()
#0 C:\xampp\htdocs\ProyectoDw-201705336\system\CodeIgniter.php(713): require()
#1 C:\xampp\htdocs\ProyectoDw-201705336\system\CodeIgniter.php(368): CodeIgniter\CodeIgniter->tryToRouteIt(Object(CodeIgniter\Router\RouteCollection))
#2 C:\xampp\htdocs\ProyectoDw-201705336\system\CodeIgniter.php(326): CodeIgniter\CodeIgniter->handleRequest(NULL, Object(Config\Cache), false)
#3 C:\xampp\htdocs\ProyectoDw-201705336\public\index.php(37): CodeIgniter\CodeIgniter->run()
#4 {main}
CRITICAL - 2022-05-02 15:54:58 --> Call to undefined method CodeIgniter\Router\RouteCollection::psot()
#0 C:\xampp\htdocs\ProyectoDw-201705336\system\CodeIgniter.php(713): require()
#1 C:\xampp\htdocs\ProyectoDw-201705336\system\CodeIgniter.php(368): CodeIgniter\CodeIgniter->tryToRouteIt(Object(CodeIgniter\Router\RouteCollection))
#2 C:\xampp\htdocs\ProyectoDw-201705336\system\CodeIgniter.php(326): CodeIgniter\CodeIgniter->handleRequest(NULL, Object(Config\Cache), false)
#3 C:\xampp\htdocs\ProyectoDw-201705336\public\index.php(37): CodeIgniter\CodeIgniter->run()
#4 {main}
CRITICAL - 2022-05-02 15:54:58 --> Call to undefined method CodeIgniter\Router\RouteCollection::psot()
#0 C:\xampp\htdocs\ProyectoDw-201705336\system\CodeIgniter.php(713): require()
#1 C:\xampp\htdocs\ProyectoDw-201705336\system\CodeIgniter.php(368): CodeIgniter\CodeIgniter->tryToRouteIt(Object(CodeIgniter\Router\RouteCollection))
#2 C:\xampp\htdocs\ProyectoDw-201705336\system\CodeIgniter.php(326): CodeIgniter\CodeIgniter->handleRequest(NULL, Object(Config\Cache), false)
#3 C:\xampp\htdocs\ProyectoDw-201705336\public\index.php(37): CodeIgniter\CodeIgniter->run()
#4 {main}
CRITICAL - 2022-05-02 15:54:58 --> Call to undefined method CodeIgniter\Router\RouteCollection::psot()
#0 C:\xampp\htdocs\ProyectoDw-201705336\system\CodeIgniter.php(713): require()
#1 C:\xampp\htdocs\ProyectoDw-201705336\system\CodeIgniter.php(368): CodeIgniter\CodeIgniter->tryToRouteIt(Object(CodeIgniter\Router\RouteCollection))
#2 C:\xampp\htdocs\ProyectoDw-201705336\system\CodeIgniter.php(326): CodeIgniter\CodeIgniter->handleRequest(NULL, Object(Config\Cache), false)
#3 C:\xampp\htdocs\ProyectoDw-201705336\public\index.php(37): CodeIgniter\CodeIgniter->run()
#4 {main}
CRITICAL - 2022-05-02 15:56:52 --> Invalid file: Administrador.php
#0 C:\xampp\htdocs\ProyectoDw-201705336\system\View\View.php(198): CodeIgniter\Exceptions\FrameworkException::forInvalidFile('Administrador.p...')
#1 C:\xampp\htdocs\ProyectoDw-201705336\system\Common.php(1089): CodeIgniter\View\View->render('Administrador', Array, true)
#2 C:\xampp\htdocs\ProyectoDw-201705336\app\Controllers\Sesiones.php(31): view('Administrador')
#3 C:\xampp\htdocs\ProyectoDw-201705336\system\CodeIgniter.php(832): App\Controllers\Sesiones->iniciarSesion()
#4 C:\xampp\htdocs\ProyectoDw-201705336\system\CodeIgniter.php(419): CodeIgniter\CodeIgniter->runController(Object(App\Controllers\Sesiones))
#5 C:\xampp\htdocs\ProyectoDw-201705336\system\CodeIgniter.php(326): CodeIgniter\CodeIgniter->handleRequest(NULL, Object(Config\Cache), false)
#6 C:\xampp\htdocs\ProyectoDw-201705336\public\index.php(37): CodeIgniter\CodeIgniter->run()
#7 {main}
