CRITICAL - 2022-04-28 17:23:24 --> Invalid file: ciudadadnos/lista_ciudadano.php
#0 C:\xampp\htdocs\ProyectoDw-201705336\system\View\View.php(198): CodeIgniter\Exceptions\FrameworkException::forInvalidFile('ciudadadnos/lis...')
#1 C:\xampp\htdocs\ProyectoDw-201705336\system\Common.php(1089): CodeIgniter\View\View->render('ciudadadnos/lis...', Array, true)
#2 C:\xampp\htdocs\ProyectoDw-201705336\app\Controllers\Ciudadanos.php(15): view('ciudadadnos/lis...', Array)
#3 C:\xampp\htdocs\ProyectoDw-201705336\system\CodeIgniter.php(832): App\Controllers\Ciudadanos->cargarCiudadanos()
#4 C:\xampp\htdocs\ProyectoDw-201705336\system\CodeIgniter.php(419): CodeIgniter\CodeIgniter->runController(Object(App\Controllers\Ciudadanos))
#5 C:\xampp\htdocs\ProyectoDw-201705336\system\CodeIgniter.php(326): CodeIgniter\CodeIgniter->handleRequest(NULL, Object(Config\Cache), false)
#6 C:\xampp\htdocs\ProyectoDw-201705336\public\index.php(37): CodeIgniter\CodeIgniter->run()
#7 {main}
CRITICAL - 2022-04-28 17:25:03 --> syntax error, unexpected ''descripcion'' (T_CONSTANT_ENCAPSED_STRING), expecting ']'
#0 C:\xampp\htdocs\ProyectoDw-201705336\system\Autoloader\Autoloader.php(241): CodeIgniter\Autoloader\Autoloader->includeFile('C:\\xampp\\htdocs...')
#1 C:\xampp\htdocs\ProyectoDw-201705336\system\Autoloader\Autoloader.php(219): CodeIgniter\Autoloader\Autoloader->loadInNamespace('App\\Controllers...')
#2 [internal function]: CodeIgniter\Autoloader\Autoloader->loadClass('App\\Controllers...')
#3 [internal function]: spl_autoload_call('App\\Controllers...')
#4 C:\xampp\htdocs\ProyectoDw-201705336\system\CodeIgniter.php(797): class_exists('\\App\\Controller...', true)
#5 C:\xampp\htdocs\ProyectoDw-201705336\system\CodeIgniter.php(406): CodeIgniter\CodeIgniter->startController()
#6 C:\xampp\htdocs\ProyectoDw-201705336\system\CodeIgniter.php(326): CodeIgniter\CodeIgniter->handleRequest(NULL, Object(Config\Cache), false)
#7 C:\xampp\htdocs\ProyectoDw-201705336\public\index.php(37): CodeIgniter\CodeIgniter->run()
#8 {main}
CRITICAL - 2022-04-28 17:32:01 --> Class 'App\Models\Nivel' not found
#0 C:\xampp\htdocs\ProyectoDw-201705336\system\CodeIgniter.php(832): App\Controllers\Niveles->cargarNiveles()
#1 C:\xampp\htdocs\ProyectoDw-201705336\system\CodeIgniter.php(419): CodeIgniter\CodeIgniter->runController(Object(App\Controllers\Niveles))
#2 C:\xampp\htdocs\ProyectoDw-201705336\system\CodeIgniter.php(326): CodeIgniter\CodeIgniter->handleRequest(NULL, Object(Config\Cache), false)
#3 C:\xampp\htdocs\ProyectoDw-201705336\public\index.php(37): CodeIgniter\CodeIgniter->run()
#4 {main}
