ERROR - 2022-04-24 11:21:07 --> Cannot add or update a child row: a foreign key constraint fails (`ciudadanos`.`usuarios`, CONSTRAINT `usuarios_ibfk_1` FOREIGN KEY (`dpi`) REFERENCES `ciudadanos` (`dpi`) ON DELETE CASCADE ON UPDATE CASCADE)
ERROR - 2022-04-24 11:21:11 --> Cannot add or update a child row: a foreign key constraint fails (`ciudadanos`.`usuarios`, CONSTRAINT `usuarios_ibfk_1` FOREIGN KEY (`dpi`) REFERENCES `ciudadanos` (`dpi`) ON DELETE CASCADE ON UPDATE CASCADE)
ERROR - 2022-04-24 11:21:28 --> Cannot add or update a child row: a foreign key constraint fails (`ciudadanos`.`usuarios`, CONSTRAINT `usuarios_ibfk_1` FOREIGN KEY (`dpi`) REFERENCES `ciudadanos` (`dpi`) ON DELETE CASCADE ON UPDATE CASCADE)
ERROR - 2022-04-24 11:21:46 --> Cannot add or update a child row: a foreign key constraint fails (`ciudadanos`.`usuarios`, CONSTRAINT `usuarios_ibfk_1` FOREIGN KEY (`dpi`) REFERENCES `ciudadanos` (`dpi`) ON DELETE CASCADE ON UPDATE CASCADE)
ERROR - 2022-04-24 11:36:38 --> Cannot add or update a child row: a foreign key constraint fails (`ciudadanos`.`usuarios`, CONSTRAINT `usuarios_ibfk_1` FOREIGN KEY (`dpi`) REFERENCES `ciudadanos` (`dpi`) ON DELETE CASCADE ON UPDATE CASCADE)
ERROR - 2022-04-24 12:32:07 --> Cannot add or update a child row: a foreign key constraint fails (`ciudadanos`.`usuarios`, CONSTRAINT `usuarios_ibfk_1` FOREIGN KEY (`dpi`) REFERENCES `ciudadanos` (`dpi`) ON DELETE CASCADE ON UPDATE CASCADE)
ERROR - 2022-04-24 12:32:08 --> Cannot add or update a child row: a foreign key constraint fails (`ciudadanos`.`usuarios`, CONSTRAINT `usuarios_ibfk_1` FOREIGN KEY (`dpi`) REFERENCES `ciudadanos` (`dpi`) ON DELETE CASCADE ON UPDATE CASCADE)
ERROR - 2022-04-24 12:32:21 --> Unknown column 'tiposusuario_id' in 'where clause'
CRITICAL - 2022-04-24 12:32:21 --> Call to a member function getFirstRow() on bool
#0 C:\xampp\htdocs\ProyectoDw-201705336\system\BaseModel.php(622): CodeIgniter\Model->doFirst()
#1 C:\xampp\htdocs\ProyectoDw-201705336\app\Controllers\Tipos.php(58): CodeIgniter\BaseModel->first()
#2 C:\xampp\htdocs\ProyectoDw-201705336\system\CodeIgniter.php(832): App\Controllers\Tipos->frmModificarTipo('1')
#3 C:\xampp\htdocs\ProyectoDw-201705336\system\CodeIgniter.php(419): CodeIgniter\CodeIgniter->runController(Object(App\Controllers\Tipos))
#4 C:\xampp\htdocs\ProyectoDw-201705336\system\CodeIgniter.php(326): CodeIgniter\CodeIgniter->handleRequest(NULL, Object(Config\Cache), false)
#5 C:\xampp\htdocs\ProyectoDw-201705336\public\index.php(37): CodeIgniter\CodeIgniter->run()
#6 {main}
ERROR - 2022-04-24 14:04:07 --> Table 'ciudadanos.libros' doesn't exist
CRITICAL - 2022-04-24 14:04:07 --> Call to a member function getResult() on bool
#0 C:\xampp\htdocs\ProyectoDw-201705336\system\BaseModel.php(584): CodeIgniter\Model->doFindAll(0, 0)
#1 C:\xampp\htdocs\ProyectoDw-201705336\app\Controllers\Libros.php(12): CodeIgniter\BaseModel->findAll()
#2 C:\xampp\htdocs\ProyectoDw-201705336\system\CodeIgniter.php(832): App\Controllers\Libros->cargarLibros()
#3 C:\xampp\htdocs\ProyectoDw-201705336\system\CodeIgniter.php(419): CodeIgniter\CodeIgniter->runController(Object(App\Controllers\Libros))
#4 C:\xampp\htdocs\ProyectoDw-201705336\system\CodeIgniter.php(326): CodeIgniter\CodeIgniter->handleRequest(NULL, Object(Config\Cache), false)
#5 C:\xampp\htdocs\ProyectoDw-201705336\public\index.php(37): CodeIgniter\CodeIgniter->run()
#6 {main}
ERROR - 2022-04-24 14:04:25 --> Table 'ciudadanos.prestamos' doesn't exist
CRITICAL - 2022-04-24 14:04:25 --> Call to a member function getResult() on bool
#0 C:\xampp\htdocs\ProyectoDw-201705336\system\BaseModel.php(584): CodeIgniter\Model->doFindAll(0, 0)
#1 C:\xampp\htdocs\ProyectoDw-201705336\app\Controllers\Prestamos.php(12): CodeIgniter\BaseModel->findAll()
#2 C:\xampp\htdocs\ProyectoDw-201705336\system\CodeIgniter.php(832): App\Controllers\Prestamos->cargarPrestamos()
#3 C:\xampp\htdocs\ProyectoDw-201705336\system\CodeIgniter.php(419): CodeIgniter\CodeIgniter->runController(Object(App\Controllers\Prestamos))
#4 C:\xampp\htdocs\ProyectoDw-201705336\system\CodeIgniter.php(326): CodeIgniter\CodeIgniter->handleRequest(NULL, Object(Config\Cache), false)
#5 C:\xampp\htdocs\ProyectoDw-201705336\public\index.php(37): CodeIgniter\CodeIgniter->run()
#6 {main}
