CRITICAL - 2022-03-31 18:43:02 --> Class "App\Controllers\Estado" not found
#0 C:\xampp\htdocs\Act18demarzo\system\CodeIgniter.php(832): App\Controllers\Estados->cargarEstados()
#1 C:\xampp\htdocs\Act18demarzo\system\CodeIgniter.php(419): CodeIgniter\CodeIgniter->runController(Object(App\Controllers\Estados))
#2 C:\xampp\htdocs\Act18demarzo\system\CodeIgniter.php(326): CodeIgniter\CodeIgniter->handleRequest(NULL, Object(Config\Cache), false)
#3 C:\xampp\htdocs\Act18demarzo\public\index.php(37): CodeIgniter\CodeIgniter->run()
#4 {main}
CRITICAL - 2022-03-31 18:44:04 --> Call to undefined method App\Controllers\Estados::orderBy()
#0 C:\xampp\htdocs\Act18demarzo\system\CodeIgniter.php(832): App\Controllers\Estados->cargarEstados()
#1 C:\xampp\htdocs\Act18demarzo\system\CodeIgniter.php(419): CodeIgniter\CodeIgniter->runController(Object(App\Controllers\Estados))
#2 C:\xampp\htdocs\Act18demarzo\system\CodeIgniter.php(326): CodeIgniter\CodeIgniter->handleRequest(NULL, Object(Config\Cache), false)
#3 C:\xampp\htdocs\Act18demarzo\public\index.php(37): CodeIgniter\CodeIgniter->run()
#4 {main}
CRITICAL - 2022-03-31 18:44:05 --> Call to undefined method App\Controllers\Estados::orderBy()
#0 C:\xampp\htdocs\Act18demarzo\system\CodeIgniter.php(832): App\Controllers\Estados->cargarEstados()
#1 C:\xampp\htdocs\Act18demarzo\system\CodeIgniter.php(419): CodeIgniter\CodeIgniter->runController(Object(App\Controllers\Estados))
#2 C:\xampp\htdocs\Act18demarzo\system\CodeIgniter.php(326): CodeIgniter\CodeIgniter->handleRequest(NULL, Object(Config\Cache), false)
#3 C:\xampp\htdocs\Act18demarzo\public\index.php(37): CodeIgniter\CodeIgniter->run()
#4 {main}
CRITICAL - 2022-03-31 18:44:06 --> Call to undefined method App\Controllers\Estados::orderBy()
#0 C:\xampp\htdocs\Act18demarzo\system\CodeIgniter.php(832): App\Controllers\Estados->cargarEstados()
#1 C:\xampp\htdocs\Act18demarzo\system\CodeIgniter.php(419): CodeIgniter\CodeIgniter->runController(Object(App\Controllers\Estados))
#2 C:\xampp\htdocs\Act18demarzo\system\CodeIgniter.php(326): CodeIgniter\CodeIgniter->handleRequest(NULL, Object(Config\Cache), false)
#3 C:\xampp\htdocs\Act18demarzo\public\index.php(37): CodeIgniter\CodeIgniter->run()
#4 {main}
CRITICAL - 2022-03-31 18:45:11 --> Class "App\Controllers\Estado" not found
#0 C:\xampp\htdocs\Act18demarzo\system\CodeIgniter.php(832): App\Controllers\Estados->cargarEstados()
#1 C:\xampp\htdocs\Act18demarzo\system\CodeIgniter.php(419): CodeIgniter\CodeIgniter->runController(Object(App\Controllers\Estados))
#2 C:\xampp\htdocs\Act18demarzo\system\CodeIgniter.php(326): CodeIgniter\CodeIgniter->handleRequest(NULL, Object(Config\Cache), false)
#3 C:\xampp\htdocs\Act18demarzo\public\index.php(37): CodeIgniter\CodeIgniter->run()
#4 {main}
CRITICAL - 2022-03-31 18:45:47 --> Class "App\Controllers\Estado" not found
#0 C:\xampp\htdocs\Act18demarzo\system\CodeIgniter.php(832): App\Controllers\Estados->cargarEstados()
#1 C:\xampp\htdocs\Act18demarzo\system\CodeIgniter.php(419): CodeIgniter\CodeIgniter->runController(Object(App\Controllers\Estados))
#2 C:\xampp\htdocs\Act18demarzo\system\CodeIgniter.php(326): CodeIgniter\CodeIgniter->handleRequest(NULL, Object(Config\Cache), false)
#3 C:\xampp\htdocs\Act18demarzo\public\index.php(37): CodeIgniter\CodeIgniter->run()
#4 {main}
CRITICAL - 2022-03-31 18:45:48 --> Class "App\Controllers\Estado" not found
#0 C:\xampp\htdocs\Act18demarzo\system\CodeIgniter.php(832): App\Controllers\Estados->cargarEstados()
#1 C:\xampp\htdocs\Act18demarzo\system\CodeIgniter.php(419): CodeIgniter\CodeIgniter->runController(Object(App\Controllers\Estados))
#2 C:\xampp\htdocs\Act18demarzo\system\CodeIgniter.php(326): CodeIgniter\CodeIgniter->handleRequest(NULL, Object(Config\Cache), false)
#3 C:\xampp\htdocs\Act18demarzo\public\index.php(37): CodeIgniter\CodeIgniter->run()
#4 {main}
CRITICAL - 2022-03-31 18:45:48 --> Class "App\Controllers\Estado" not found
#0 C:\xampp\htdocs\Act18demarzo\system\CodeIgniter.php(832): App\Controllers\Estados->cargarEstados()
#1 C:\xampp\htdocs\Act18demarzo\system\CodeIgniter.php(419): CodeIgniter\CodeIgniter->runController(Object(App\Controllers\Estados))
#2 C:\xampp\htdocs\Act18demarzo\system\CodeIgniter.php(326): CodeIgniter\CodeIgniter->handleRequest(NULL, Object(Config\Cache), false)
#3 C:\xampp\htdocs\Act18demarzo\public\index.php(37): CodeIgniter\CodeIgniter->run()
#4 {main}
CRITICAL - 2022-03-31 18:45:48 --> Class "App\Controllers\Estado" not found
#0 C:\xampp\htdocs\Act18demarzo\system\CodeIgniter.php(832): App\Controllers\Estados->cargarEstados()
#1 C:\xampp\htdocs\Act18demarzo\system\CodeIgniter.php(419): CodeIgniter\CodeIgniter->runController(Object(App\Controllers\Estados))
#2 C:\xampp\htdocs\Act18demarzo\system\CodeIgniter.php(326): CodeIgniter\CodeIgniter->handleRequest(NULL, Object(Config\Cache), false)
#3 C:\xampp\htdocs\Act18demarzo\public\index.php(37): CodeIgniter\CodeIgniter->run()
#4 {main}
CRITICAL - 2022-03-31 18:45:48 --> Class "App\Controllers\Estado" not found
#0 C:\xampp\htdocs\Act18demarzo\system\CodeIgniter.php(832): App\Controllers\Estados->cargarEstados()
#1 C:\xampp\htdocs\Act18demarzo\system\CodeIgniter.php(419): CodeIgniter\CodeIgniter->runController(Object(App\Controllers\Estados))
#2 C:\xampp\htdocs\Act18demarzo\system\CodeIgniter.php(326): CodeIgniter\CodeIgniter->handleRequest(NULL, Object(Config\Cache), false)
#3 C:\xampp\htdocs\Act18demarzo\public\index.php(37): CodeIgniter\CodeIgniter->run()
#4 {main}
CRITICAL - 2022-03-31 18:45:48 --> Class "App\Controllers\Estado" not found
#0 C:\xampp\htdocs\Act18demarzo\system\CodeIgniter.php(832): App\Controllers\Estados->cargarEstados()
#1 C:\xampp\htdocs\Act18demarzo\system\CodeIgniter.php(419): CodeIgniter\CodeIgniter->runController(Object(App\Controllers\Estados))
#2 C:\xampp\htdocs\Act18demarzo\system\CodeIgniter.php(326): CodeIgniter\CodeIgniter->handleRequest(NULL, Object(Config\Cache), false)
#3 C:\xampp\htdocs\Act18demarzo\public\index.php(37): CodeIgniter\CodeIgniter->run()
#4 {main}
CRITICAL - 2022-03-31 18:45:49 --> Class "App\Controllers\Estado" not found
#0 C:\xampp\htdocs\Act18demarzo\system\CodeIgniter.php(832): App\Controllers\Estados->cargarEstados()
#1 C:\xampp\htdocs\Act18demarzo\system\CodeIgniter.php(419): CodeIgniter\CodeIgniter->runController(Object(App\Controllers\Estados))
#2 C:\xampp\htdocs\Act18demarzo\system\CodeIgniter.php(326): CodeIgniter\CodeIgniter->handleRequest(NULL, Object(Config\Cache), false)
#3 C:\xampp\htdocs\Act18demarzo\public\index.php(37): CodeIgniter\CodeIgniter->run()
#4 {main}
