CRITICAL - 2022-05-05 19:47:26 --> syntax error, unexpected 'else' (T_ELSE)
#0 C:\xampp\htdocs\ProyectoDw-201705336\system\Autoloader\Autoloader.php(241): CodeIgniter\Autoloader\Autoloader->includeFile('C:\\xampp\\htdocs...')
#1 C:\xampp\htdocs\ProyectoDw-201705336\system\Autoloader\Autoloader.php(219): CodeIgniter\Autoloader\Autoloader->loadInNamespace('App\\Controllers...')
#2 [internal function]: CodeIgniter\Autoloader\Autoloader->loadClass('App\\Controllers...')
#3 [internal function]: spl_autoload_call('App\\Controllers...')
#4 C:\xampp\htdocs\ProyectoDw-201705336\system\CodeIgniter.php(797): class_exists('\\App\\Controller...', true)
#5 C:\xampp\htdocs\ProyectoDw-201705336\system\CodeIgniter.php(406): CodeIgniter\CodeIgniter->startController()
#6 C:\xampp\htdocs\ProyectoDw-201705336\system\CodeIgniter.php(326): CodeIgniter\CodeIgniter->handleRequest(NULL, Object(Config\Cache), false)
#7 C:\xampp\htdocs\ProyectoDw-201705336\public\index.php(37): CodeIgniter\CodeIgniter->run()
#8 {main}
CRITICAL - 2022-05-05 19:50:19 --> syntax error, unexpected 'else' (T_ELSE), expecting function (T_FUNCTION) or const (T_CONST)
#0 C:\xampp\htdocs\ProyectoDw-201705336\system\Autoloader\Autoloader.php(241): CodeIgniter\Autoloader\Autoloader->includeFile('C:\\xampp\\htdocs...')
#1 C:\xampp\htdocs\ProyectoDw-201705336\system\Autoloader\Autoloader.php(219): CodeIgniter\Autoloader\Autoloader->loadInNamespace('App\\Controllers...')
#2 [internal function]: CodeIgniter\Autoloader\Autoloader->loadClass('App\\Controllers...')
#3 [internal function]: spl_autoload_call('App\\Controllers...')
#4 C:\xampp\htdocs\ProyectoDw-201705336\system\CodeIgniter.php(797): class_exists('\\App\\Controller...', true)
#5 C:\xampp\htdocs\ProyectoDw-201705336\system\CodeIgniter.php(406): CodeIgniter\CodeIgniter->startController()
#6 C:\xampp\htdocs\ProyectoDw-201705336\system\CodeIgniter.php(326): CodeIgniter\CodeIgniter->handleRequest(NULL, Object(Config\Cache), false)
#7 C:\xampp\htdocs\ProyectoDw-201705336\public\index.php(37): CodeIgniter\CodeIgniter->run()
#8 {main}
ERROR - 2022-05-05 20:04:25 --> You have an error in your SQL syntax; check the manual that corresponds to your MariaDB server version for the right syntax to use near 'css/estilo.css')?>">     <link href="https://fonts.googleapis.com/icon?family...' at line 1
CRITICAL - 2022-05-05 20:04:25 --> Call to a member function getNumRows() on bool
#0 C:\xampp\htdocs\ProyectoDw-201705336\system\CodeIgniter.php(832): App\Controllers\Ciudadanos->iniciarSesionCiudadano()
#1 C:\xampp\htdocs\ProyectoDw-201705336\system\CodeIgniter.php(419): CodeIgniter\CodeIgniter->runController(Object(App\Controllers\Ciudadanos))
#2 C:\xampp\htdocs\ProyectoDw-201705336\system\CodeIgniter.php(326): CodeIgniter\CodeIgniter->handleRequest(NULL, Object(Config\Cache), false)
#3 C:\xampp\htdocs\ProyectoDw-201705336\public\index.php(37): CodeIgniter\CodeIgniter->run()
#4 {main}
CRITICAL - 2022-05-05 20:05:21 --> Invalid argument supplied for foreach()
#0 C:\xampp\htdocs\ProyectoDw-201705336\app\Views\sesiones\Ciudadano.php(41): CodeIgniter\Debug\Exceptions->errorHandler(2, 'Invalid argumen...', 'C:\\xampp\\htdocs...', 41, Array)
#1 C:\xampp\htdocs\ProyectoDw-201705336\system\View\View.php(210): include('C:\\xampp\\htdocs...')
#2 C:\xampp\htdocs\ProyectoDw-201705336\system\View\View.php(213): CodeIgniter\View\View->CodeIgniter\View\{closure}()
#3 C:\xampp\htdocs\ProyectoDw-201705336\system\Common.php(1089): CodeIgniter\View\View->render('sesiones/Ciudad...', Array, true)
#4 C:\xampp\htdocs\ProyectoDw-201705336\app\Controllers\Ciudadanos.php(30): view('sesiones/Ciudad...')
#5 C:\xampp\htdocs\ProyectoDw-201705336\system\CodeIgniter.php(832): App\Controllers\Ciudadanos->iniciarSesionCiudadano()
#6 C:\xampp\htdocs\ProyectoDw-201705336\system\CodeIgniter.php(419): CodeIgniter\CodeIgniter->runController(Object(App\Controllers\Ciudadanos))
#7 C:\xampp\htdocs\ProyectoDw-201705336\system\CodeIgniter.php(326): CodeIgniter\CodeIgniter->handleRequest(NULL, Object(Config\Cache), false)
#8 C:\xampp\htdocs\ProyectoDw-201705336\public\index.php(37): CodeIgniter\CodeIgniter->run()
#9 {main}
ERROR - 2022-05-05 20:12:07 --> You have an error in your SQL syntax; check the manual that corresponds to your MariaDB server version for the right syntax to use near 'txtDpi');')' at line 1
CRITICAL - 2022-05-05 20:12:07 --> Call to a member function getNumRows() on bool
#0 C:\xampp\htdocs\ProyectoDw-201705336\system\CodeIgniter.php(832): App\Controllers\Ciudadanos->iniciarSesionCiudadano()
#1 C:\xampp\htdocs\ProyectoDw-201705336\system\CodeIgniter.php(419): CodeIgniter\CodeIgniter->runController(Object(App\Controllers\Ciudadanos))
#2 C:\xampp\htdocs\ProyectoDw-201705336\system\CodeIgniter.php(326): CodeIgniter\CodeIgniter->handleRequest(NULL, Object(Config\Cache), false)
#3 C:\xampp\htdocs\ProyectoDw-201705336\public\index.php(37): CodeIgniter\CodeIgniter->run()
#4 {main}
CRITICAL - 2022-05-05 20:12:32 --> Call to a member function getVar() on null
#0 C:\xampp\htdocs\ProyectoDw-201705336\system\View\View.php(210): include()
#1 C:\xampp\htdocs\ProyectoDw-201705336\system\View\View.php(213): CodeIgniter\View\View->CodeIgniter\View\{closure}()
#2 C:\xampp\htdocs\ProyectoDw-201705336\system\Common.php(1089): CodeIgniter\View\View->render('sesiones/Ciudad...', Array, true)
#3 C:\xampp\htdocs\ProyectoDw-201705336\app\Controllers\Ciudadanos.php(30): view('sesiones/Ciudad...')
#4 C:\xampp\htdocs\ProyectoDw-201705336\system\CodeIgniter.php(832): App\Controllers\Ciudadanos->iniciarSesionCiudadano()
#5 C:\xampp\htdocs\ProyectoDw-201705336\system\CodeIgniter.php(419): CodeIgniter\CodeIgniter->runController(Object(App\Controllers\Ciudadanos))
#6 C:\xampp\htdocs\ProyectoDw-201705336\system\CodeIgniter.php(326): CodeIgniter\CodeIgniter->handleRequest(NULL, Object(Config\Cache), false)
#7 C:\xampp\htdocs\ProyectoDw-201705336\public\index.php(37): CodeIgniter\CodeIgniter->run()
#8 {main}
CRITICAL - 2022-05-05 20:22:55 --> Invalid argument supplied for foreach()
#0 C:\xampp\htdocs\ProyectoDw-201705336\app\Views\sesiones\Ciudadano.php(41): CodeIgniter\Debug\Exceptions->errorHandler(2, 'Invalid argumen...', 'C:\\xampp\\htdocs...', 41, Array)
#1 C:\xampp\htdocs\ProyectoDw-201705336\system\View\View.php(210): include('C:\\xampp\\htdocs...')
#2 C:\xampp\htdocs\ProyectoDw-201705336\system\View\View.php(213): CodeIgniter\View\View->CodeIgniter\View\{closure}()
#3 C:\xampp\htdocs\ProyectoDw-201705336\system\Common.php(1089): CodeIgniter\View\View->render('sesiones/Ciudad...', Array, true)
#4 C:\xampp\htdocs\ProyectoDw-201705336\app\Controllers\Ciudadanos.php(30): view('sesiones/Ciudad...')
#5 C:\xampp\htdocs\ProyectoDw-201705336\system\CodeIgniter.php(832): App\Controllers\Ciudadanos->iniciarSesionCiudadano()
#6 C:\xampp\htdocs\ProyectoDw-201705336\system\CodeIgniter.php(419): CodeIgniter\CodeIgniter->runController(Object(App\Controllers\Ciudadanos))
#7 C:\xampp\htdocs\ProyectoDw-201705336\system\CodeIgniter.php(326): CodeIgniter\CodeIgniter->handleRequest(NULL, Object(Config\Cache), false)
#8 C:\xampp\htdocs\ProyectoDw-201705336\public\index.php(37): CodeIgniter\CodeIgniter->run()
#9 {main}
CRITICAL - 2022-05-05 20:27:34 --> syntax error, unexpected ')'
#0 C:\xampp\htdocs\ProyectoDw-201705336\system\View\View.php(213): CodeIgniter\View\View->CodeIgniter\View\{closure}()
#1 C:\xampp\htdocs\ProyectoDw-201705336\system\Common.php(1089): CodeIgniter\View\View->render('sesiones/Ciudad...', Array, true)
#2 C:\xampp\htdocs\ProyectoDw-201705336\app\Controllers\Ciudadanos.php(30): view('sesiones/Ciudad...')
#3 C:\xampp\htdocs\ProyectoDw-201705336\system\CodeIgniter.php(832): App\Controllers\Ciudadanos->iniciarSesionCiudadano()
#4 C:\xampp\htdocs\ProyectoDw-201705336\system\CodeIgniter.php(419): CodeIgniter\CodeIgniter->runController(Object(App\Controllers\Ciudadanos))
#5 C:\xampp\htdocs\ProyectoDw-201705336\system\CodeIgniter.php(326): CodeIgniter\CodeIgniter->handleRequest(NULL, Object(Config\Cache), false)
#6 C:\xampp\htdocs\ProyectoDw-201705336\public\index.php(37): CodeIgniter\CodeIgniter->run()
#7 {main}
CRITICAL - 2022-05-05 20:27:45 --> syntax error, unexpected ')'
#0 C:\xampp\htdocs\ProyectoDw-201705336\system\View\View.php(213): CodeIgniter\View\View->CodeIgniter\View\{closure}()
#1 C:\xampp\htdocs\ProyectoDw-201705336\system\Common.php(1089): CodeIgniter\View\View->render('sesiones/Ciudad...', Array, true)
#2 C:\xampp\htdocs\ProyectoDw-201705336\app\Controllers\Ciudadanos.php(30): view('sesiones/Ciudad...')
#3 C:\xampp\htdocs\ProyectoDw-201705336\system\CodeIgniter.php(832): App\Controllers\Ciudadanos->iniciarSesionCiudadano()
#4 C:\xampp\htdocs\ProyectoDw-201705336\system\CodeIgniter.php(419): CodeIgniter\CodeIgniter->runController(Object(App\Controllers\Ciudadanos))
#5 C:\xampp\htdocs\ProyectoDw-201705336\system\CodeIgniter.php(326): CodeIgniter\CodeIgniter->handleRequest(NULL, Object(Config\Cache), false)
#6 C:\xampp\htdocs\ProyectoDw-201705336\public\index.php(37): CodeIgniter\CodeIgniter->run()
#7 {main}
CRITICAL - 2022-05-05 20:34:55 --> syntax error, unexpected 'public' (T_PUBLIC)
#0 C:\xampp\htdocs\ProyectoDw-201705336\system\Autoloader\Autoloader.php(241): CodeIgniter\Autoloader\Autoloader->includeFile('C:\\xampp\\htdocs...')
#1 C:\xampp\htdocs\ProyectoDw-201705336\system\Autoloader\Autoloader.php(219): CodeIgniter\Autoloader\Autoloader->loadInNamespace('App\\Controllers...')
#2 [internal function]: CodeIgniter\Autoloader\Autoloader->loadClass('App\\Controllers...')
#3 [internal function]: spl_autoload_call('App\\Controllers...')
#4 C:\xampp\htdocs\ProyectoDw-201705336\system\CodeIgniter.php(797): class_exists('\\App\\Controller...', true)
#5 C:\xampp\htdocs\ProyectoDw-201705336\system\CodeIgniter.php(406): CodeIgniter\CodeIgniter->startController()
#6 C:\xampp\htdocs\ProyectoDw-201705336\system\CodeIgniter.php(326): CodeIgniter\CodeIgniter->handleRequest(NULL, Object(Config\Cache), false)
#7 C:\xampp\htdocs\ProyectoDw-201705336\public\index.php(37): CodeIgniter\CodeIgniter->run()
#8 {main}
CRITICAL - 2022-05-05 20:46:12 --> Invalid argument supplied for foreach()
#0 C:\xampp\htdocs\ProyectoDw-201705336\app\Views\sesiones\Ciudadano.php(41): CodeIgniter\Debug\Exceptions->errorHandler(2, 'Invalid argumen...', 'C:\\xampp\\htdocs...', 41, Array)
#1 C:\xampp\htdocs\ProyectoDw-201705336\system\View\View.php(210): include('C:\\xampp\\htdocs...')
#2 C:\xampp\htdocs\ProyectoDw-201705336\system\View\View.php(213): CodeIgniter\View\View->CodeIgniter\View\{closure}()
#3 C:\xampp\htdocs\ProyectoDw-201705336\system\Common.php(1089): CodeIgniter\View\View->render('sesiones/Ciudad...', Array, true)
#4 C:\xampp\htdocs\ProyectoDw-201705336\app\Controllers\Ciudadanos.php(30): view('sesiones/Ciudad...')
#5 C:\xampp\htdocs\ProyectoDw-201705336\system\CodeIgniter.php(832): App\Controllers\Ciudadanos->iniciarSesionCiudadano()
#6 C:\xampp\htdocs\ProyectoDw-201705336\system\CodeIgniter.php(419): CodeIgniter\CodeIgniter->runController(Object(App\Controllers\Ciudadanos))
#7 C:\xampp\htdocs\ProyectoDw-201705336\system\CodeIgniter.php(326): CodeIgniter\CodeIgniter->handleRequest(NULL, Object(Config\Cache), false)
#8 C:\xampp\htdocs\ProyectoDw-201705336\public\index.php(37): CodeIgniter\CodeIgniter->run()
#9 {main}
CRITICAL - 2022-05-05 20:47:17 --> Invalid argument supplied for foreach()
#0 C:\xampp\htdocs\ProyectoDw-201705336\app\Views\ciudadanos\lista_ciudadano.php(41): CodeIgniter\Debug\Exceptions->errorHandler(2, 'Invalid argumen...', 'C:\\xampp\\htdocs...', 41, Array)
#1 C:\xampp\htdocs\ProyectoDw-201705336\system\View\View.php(210): include('C:\\xampp\\htdocs...')
#2 C:\xampp\htdocs\ProyectoDw-201705336\system\View\View.php(213): CodeIgniter\View\View->CodeIgniter\View\{closure}()
#3 C:\xampp\htdocs\ProyectoDw-201705336\system\Common.php(1089): CodeIgniter\View\View->render('ciudadanos/list...', Array, true)
#4 C:\xampp\htdocs\ProyectoDw-201705336\app\Controllers\Ciudadanos.php(30): view('ciudadanos/list...')
#5 C:\xampp\htdocs\ProyectoDw-201705336\system\CodeIgniter.php(832): App\Controllers\Ciudadanos->iniciarSesionCiudadano()
#6 C:\xampp\htdocs\ProyectoDw-201705336\system\CodeIgniter.php(419): CodeIgniter\CodeIgniter->runController(Object(App\Controllers\Ciudadanos))
#7 C:\xampp\htdocs\ProyectoDw-201705336\system\CodeIgniter.php(326): CodeIgniter\CodeIgniter->handleRequest(NULL, Object(Config\Cache), false)
#8 C:\xampp\htdocs\ProyectoDw-201705336\public\index.php(37): CodeIgniter\CodeIgniter->run()
#9 {main}
CRITICAL - 2022-05-05 20:47:29 --> Invalid argument supplied for foreach()
#0 C:\xampp\htdocs\ProyectoDw-201705336\app\Views\ciudadanos\lista_ciudadano.php(41): CodeIgniter\Debug\Exceptions->errorHandler(2, 'Invalid argumen...', 'C:\\xampp\\htdocs...', 41, Array)
#1 C:\xampp\htdocs\ProyectoDw-201705336\system\View\View.php(210): include('C:\\xampp\\htdocs...')
#2 C:\xampp\htdocs\ProyectoDw-201705336\system\View\View.php(213): CodeIgniter\View\View->CodeIgniter\View\{closure}()
#3 C:\xampp\htdocs\ProyectoDw-201705336\system\Common.php(1089): CodeIgniter\View\View->render('ciudadanos/list...', Array, true)
#4 C:\xampp\htdocs\ProyectoDw-201705336\app\Controllers\Ciudadanos.php(30): view('ciudadanos/list...')
#5 C:\xampp\htdocs\ProyectoDw-201705336\system\CodeIgniter.php(832): App\Controllers\Ciudadanos->iniciarSesionCiudadano()
#6 C:\xampp\htdocs\ProyectoDw-201705336\system\CodeIgniter.php(419): CodeIgniter\CodeIgniter->runController(Object(App\Controllers\Ciudadanos))
#7 C:\xampp\htdocs\ProyectoDw-201705336\system\CodeIgniter.php(326): CodeIgniter\CodeIgniter->handleRequest(NULL, Object(Config\Cache), false)
#8 C:\xampp\htdocs\ProyectoDw-201705336\public\index.php(37): CodeIgniter\CodeIgniter->run()
#9 {main}
CRITICAL - 2022-05-05 20:55:25 --> Call to undefined function App\Controllers\cargarCiudadanos()
#0 C:\xampp\htdocs\ProyectoDw-201705336\system\CodeIgniter.php(832): App\Controllers\Ciudadanos->iniciarSesionCiudadano()
#1 C:\xampp\htdocs\ProyectoDw-201705336\system\CodeIgniter.php(419): CodeIgniter\CodeIgniter->runController(Object(App\Controllers\Ciudadanos))
#2 C:\xampp\htdocs\ProyectoDw-201705336\system\CodeIgniter.php(326): CodeIgniter\CodeIgniter->handleRequest(NULL, Object(Config\Cache), false)
#3 C:\xampp\htdocs\ProyectoDw-201705336\public\index.php(37): CodeIgniter\CodeIgniter->run()
#4 {main}
CRITICAL - 2022-05-05 20:56:31 --> syntax error, unexpected '}'
#0 C:\xampp\htdocs\ProyectoDw-201705336\system\Autoloader\Autoloader.php(241): CodeIgniter\Autoloader\Autoloader->includeFile('C:\\xampp\\htdocs...')
#1 C:\xampp\htdocs\ProyectoDw-201705336\system\Autoloader\Autoloader.php(219): CodeIgniter\Autoloader\Autoloader->loadInNamespace('App\\Controllers...')
#2 [internal function]: CodeIgniter\Autoloader\Autoloader->loadClass('App\\Controllers...')
#3 [internal function]: spl_autoload_call('App\\Controllers...')
#4 C:\xampp\htdocs\ProyectoDw-201705336\system\CodeIgniter.php(797): class_exists('\\App\\Controller...', true)
#5 C:\xampp\htdocs\ProyectoDw-201705336\system\CodeIgniter.php(406): CodeIgniter\CodeIgniter->startController()
#6 C:\xampp\htdocs\ProyectoDw-201705336\system\CodeIgniter.php(326): CodeIgniter\CodeIgniter->handleRequest(NULL, Object(Config\Cache), false)
#7 C:\xampp\htdocs\ProyectoDw-201705336\public\index.php(37): CodeIgniter\CodeIgniter->run()
#8 {main}
CRITICAL - 2022-05-05 21:29:20 --> Method name must be a string
#0 C:\xampp\htdocs\ProyectoDw-201705336\system\CodeIgniter.php(832): App\Controllers\Ciudadanos->iniciarSesionCiudadano()
#1 C:\xampp\htdocs\ProyectoDw-201705336\system\CodeIgniter.php(419): CodeIgniter\CodeIgniter->runController(Object(App\Controllers\Ciudadanos))
#2 C:\xampp\htdocs\ProyectoDw-201705336\system\CodeIgniter.php(326): CodeIgniter\CodeIgniter->handleRequest(NULL, Object(Config\Cache), false)
#3 C:\xampp\htdocs\ProyectoDw-201705336\public\index.php(37): CodeIgniter\CodeIgniter->run()
#4 {main}
CRITICAL - 2022-05-05 21:33:00 --> Argument 1 passed to CodeIgniter\BaseModel::findAll() must be of the type int, null given, called in C:\xampp\htdocs\ProyectoDw-201705336\app\Controllers\Ciudadanos.php on line 33
#0 C:\xampp\htdocs\ProyectoDw-201705336\app\Controllers\Ciudadanos.php(33): CodeIgniter\BaseModel->findAll(NULL)
#1 C:\xampp\htdocs\ProyectoDw-201705336\system\CodeIgniter.php(832): App\Controllers\Ciudadanos->iniciarSesionCiudadano()
#2 C:\xampp\htdocs\ProyectoDw-201705336\system\CodeIgniter.php(419): CodeIgniter\CodeIgniter->runController(Object(App\Controllers\Ciudadanos))
#3 C:\xampp\htdocs\ProyectoDw-201705336\system\CodeIgniter.php(326): CodeIgniter\CodeIgniter->handleRequest(NULL, Object(Config\Cache), false)
#4 C:\xampp\htdocs\ProyectoDw-201705336\public\index.php(37): CodeIgniter\CodeIgniter->run()
#5 {main}
CRITICAL - 2022-05-05 21:33:54 --> Argument 1 passed to CodeIgniter\BaseModel::findAll() must be of the type int, object given, called in C:\xampp\htdocs\ProyectoDw-201705336\app\Controllers\Ciudadanos.php on line 33
#0 C:\xampp\htdocs\ProyectoDw-201705336\app\Controllers\Ciudadanos.php(33): CodeIgniter\BaseModel->findAll(Object(stdClass))
#1 C:\xampp\htdocs\ProyectoDw-201705336\system\CodeIgniter.php(832): App\Controllers\Ciudadanos->iniciarSesionCiudadano()
#2 C:\xampp\htdocs\ProyectoDw-201705336\system\CodeIgniter.php(419): CodeIgniter\CodeIgniter->runController(Object(App\Controllers\Ciudadanos))
#3 C:\xampp\htdocs\ProyectoDw-201705336\system\CodeIgniter.php(326): CodeIgniter\CodeIgniter->handleRequest(NULL, Object(Config\Cache), false)
#4 C:\xampp\htdocs\ProyectoDw-201705336\public\index.php(37): CodeIgniter\CodeIgniter->run()
#5 {main}
CRITICAL - 2022-05-05 21:34:02 --> Argument 1 passed to CodeIgniter\BaseModel::findAll() must be of the type int, object given, called in C:\xampp\htdocs\ProyectoDw-201705336\app\Controllers\Ciudadanos.php on line 33
#0 C:\xampp\htdocs\ProyectoDw-201705336\app\Controllers\Ciudadanos.php(33): CodeIgniter\BaseModel->findAll(Object(stdClass))
#1 C:\xampp\htdocs\ProyectoDw-201705336\system\CodeIgniter.php(832): App\Controllers\Ciudadanos->iniciarSesionCiudadano()
#2 C:\xampp\htdocs\ProyectoDw-201705336\system\CodeIgniter.php(419): CodeIgniter\CodeIgniter->runController(Object(App\Controllers\Ciudadanos))
#3 C:\xampp\htdocs\ProyectoDw-201705336\system\CodeIgniter.php(326): CodeIgniter\CodeIgniter->handleRequest(NULL, Object(Config\Cache), false)
#4 C:\xampp\htdocs\ProyectoDw-201705336\public\index.php(37): CodeIgniter\CodeIgniter->run()
#5 {main}
CRITICAL - 2022-05-05 21:49:23 --> Object of class stdClass could not be converted to string
#0 C:\xampp\htdocs\ProyectoDw-201705336\system\Database\Query.php(318): strtr('SELECT *\nFROM `...', Array)
#1 C:\xampp\htdocs\ProyectoDw-201705336\system\Database\Query.php(293): CodeIgniter\Database\Query->matchNamedBinds('SELECT *\nFROM `...', Array)
#2 C:\xampp\htdocs\ProyectoDw-201705336\system\Database\Query.php(150): CodeIgniter\Database\Query->compileBinds()
#3 C:\xampp\htdocs\ProyectoDw-201705336\system\Database\BaseConnection.php(598): CodeIgniter\Database\Query->getQuery()
#4 C:\xampp\htdocs\ProyectoDw-201705336\system\Database\BaseBuilder.php(1455): CodeIgniter\Database\BaseConnection->query('SELECT *\nFROM `...', Array, false)
#5 C:\xampp\htdocs\ProyectoDw-201705336\system\Model.php(210): CodeIgniter\Database\BaseBuilder->get()
#6 C:\xampp\htdocs\ProyectoDw-201705336\system\BaseModel.php(622): CodeIgniter\Model->doFirst()
#7 C:\xampp\htdocs\ProyectoDw-201705336\app\Controllers\Ciudadanos.php(32): CodeIgniter\BaseModel->first()
#8 C:\xampp\htdocs\ProyectoDw-201705336\system\CodeIgniter.php(832): App\Controllers\Ciudadanos->iniciarSesionCiudadano()
#9 C:\xampp\htdocs\ProyectoDw-201705336\system\CodeIgniter.php(419): CodeIgniter\CodeIgniter->runController(Object(App\Controllers\Ciudadanos))
#10 C:\xampp\htdocs\ProyectoDw-201705336\system\CodeIgniter.php(326): CodeIgniter\CodeIgniter->handleRequest(NULL, Object(Config\Cache), false)
#11 C:\xampp\htdocs\ProyectoDw-201705336\public\index.php(37): CodeIgniter\CodeIgniter->run()
#12 {main}
CRITICAL - 2022-05-05 21:49:36 --> Object of class stdClass could not be converted to string
#0 C:\xampp\htdocs\ProyectoDw-201705336\system\Database\Query.php(318): strtr('SELECT *\nFROM `...', Array)
#1 C:\xampp\htdocs\ProyectoDw-201705336\system\Database\Query.php(293): CodeIgniter\Database\Query->matchNamedBinds('SELECT *\nFROM `...', Array)
#2 C:\xampp\htdocs\ProyectoDw-201705336\system\Database\Query.php(150): CodeIgniter\Database\Query->compileBinds()
#3 C:\xampp\htdocs\ProyectoDw-201705336\system\Database\BaseConnection.php(598): CodeIgniter\Database\Query->getQuery()
#4 C:\xampp\htdocs\ProyectoDw-201705336\system\Database\BaseBuilder.php(1455): CodeIgniter\Database\BaseConnection->query('SELECT *\nFROM `...', Array, false)
#5 C:\xampp\htdocs\ProyectoDw-201705336\system\Model.php(210): CodeIgniter\Database\BaseBuilder->get()
#6 C:\xampp\htdocs\ProyectoDw-201705336\system\BaseModel.php(622): CodeIgniter\Model->doFirst()
#7 C:\xampp\htdocs\ProyectoDw-201705336\app\Controllers\Ciudadanos.php(32): CodeIgniter\BaseModel->first()
#8 C:\xampp\htdocs\ProyectoDw-201705336\system\CodeIgniter.php(832): App\Controllers\Ciudadanos->iniciarSesionCiudadano()
#9 C:\xampp\htdocs\ProyectoDw-201705336\system\CodeIgniter.php(419): CodeIgniter\CodeIgniter->runController(Object(App\Controllers\Ciudadanos))
#10 C:\xampp\htdocs\ProyectoDw-201705336\system\CodeIgniter.php(326): CodeIgniter\CodeIgniter->handleRequest(NULL, Object(Config\Cache), false)
#11 C:\xampp\htdocs\ProyectoDw-201705336\public\index.php(37): CodeIgniter\CodeIgniter->run()
#12 {main}
CRITICAL - 2022-05-05 22:05:13 --> Object of class stdClass could not be converted to string
#0 C:\xampp\htdocs\ProyectoDw-201705336\system\Database\Query.php(318): strtr('SELECT *\nFROM `...', Array)
#1 C:\xampp\htdocs\ProyectoDw-201705336\system\Database\Query.php(293): CodeIgniter\Database\Query->matchNamedBinds('SELECT *\nFROM `...', Array)
#2 C:\xampp\htdocs\ProyectoDw-201705336\system\Database\Query.php(150): CodeIgniter\Database\Query->compileBinds()
#3 C:\xampp\htdocs\ProyectoDw-201705336\system\Database\BaseConnection.php(598): CodeIgniter\Database\Query->getQuery()
#4 C:\xampp\htdocs\ProyectoDw-201705336\system\Database\BaseBuilder.php(1455): CodeIgniter\Database\BaseConnection->query('SELECT *\nFROM `...', Array, false)
#5 C:\xampp\htdocs\ProyectoDw-201705336\system\Model.php(210): CodeIgniter\Database\BaseBuilder->get()
#6 C:\xampp\htdocs\ProyectoDw-201705336\system\BaseModel.php(622): CodeIgniter\Model->doFirst()
#7 C:\xampp\htdocs\ProyectoDw-201705336\app\Controllers\Ciudadanos.php(33): CodeIgniter\BaseModel->first()
#8 C:\xampp\htdocs\ProyectoDw-201705336\system\CodeIgniter.php(832): App\Controllers\Ciudadanos->iniciarSesionCiudadano()
#9 C:\xampp\htdocs\ProyectoDw-201705336\system\CodeIgniter.php(419): CodeIgniter\CodeIgniter->runController(Object(App\Controllers\Ciudadanos))
#10 C:\xampp\htdocs\ProyectoDw-201705336\system\CodeIgniter.php(326): CodeIgniter\CodeIgniter->handleRequest(NULL, Object(Config\Cache), false)
#11 C:\xampp\htdocs\ProyectoDw-201705336\public\index.php(37): CodeIgniter\CodeIgniter->run()
#12 {main}
